Logfile initialized
[INFO] logfile = D:\Work_Assignment\Appcelerator\C2DM\c2dm_app_old\build.log
[DEBUG] C:\Users\Surajit\AppData\Roaming\Titanium\mobilesdk\win32\1.8.2\android\builder.py install c2dm_app D:\Android\android-sdk-windows D:\Work_Assignment\Appcelerator\C2DM\c2dm_app_old com.app 7
[INFO] Titanium SDK version: 1.8.2 (02/23/12 17:46 59b3a90)
[DEBUG] Waiting for device to be ready ...
[TRACE] adb devices returned 0 devices/emulators
[TRACE] adb devices returned 0 devices/emulators
[TRACE] adb devices returned 0 devices/emulators
[TRACE] adb devices returned 0 devices/emulators
[TRACE] adb devices returned 0 devices/emulators
[TRACE] adb devices returned 1 devices/emulators
[DEBUG] Device connected... (waited 25 seconds)
[DEBUG] waited 25.320000 seconds on emulator to get ready
[INFO] Waiting for the Android Emulator to become available
[DEBUG] com.app installed? False
[INFO] Copying project resources..
[INFO] Detected tiapp.xml change (or assets deleted), forcing full re-build...
[TRACE] COPYING CREATED FILE: D:\Work_Assignment\Appcelerator\C2DM\c2dm_app_old\Resources\android\appicon.png => D:\Work_Assignment\Appcelerator\C2DM\c2dm_app_old\build\android\bin\assets\Resources\appicon.png
[TRACE] COPYING CREATED FILE: D:\Work_Assignment\Appcelerator\C2DM\c2dm_app_old\Resources\android\default.png => D:\Work_Assignment\Appcelerator\C2DM\c2dm_app_old\build\android\bin\assets\Resources\default.png
[TRACE] COPYING CREATED FILE: D:\Work_Assignment\Appcelerator\C2DM\c2dm_app_old\Resources\app.js => D:\Work_Assignment\Appcelerator\C2DM\c2dm_app_old\build\android\bin\assets\Resources\app.js
[TRACE] COPYING CREATED FILE: D:\Work_Assignment\Appcelerator\C2DM\c2dm_app_old\Resources\KS_nav_ui.png => D:\Work_Assignment\Appcelerator\C2DM\c2dm_app_old\build\android\bin\assets\Resources\KS_nav_ui.png
[TRACE] COPYING CREATED FILE: D:\Work_Assignment\Appcelerator\C2DM\c2dm_app_old\Resources\KS_nav_views.png => D:\Work_Assignment\Appcelerator\C2DM\c2dm_app_old\build\android\bin\assets\Resources\KS_nav_views.png
[TRACE] Generating Java Classes
[DEBUG] Processing Android resource drawables
[DEBUG] app stylesheet => D:\Work_Assignment\Appcelerator\C2DM\c2dm_app_old\build\android\gen\com\app\ApplicationStylesheet.java
[DEBUG] copying app icon: D:\Work_Assignment\Appcelerator\C2DM\c2dm_app_old\build\android\bin\assets\Resources\appicon.png
[DEBUG] generating theme.xml
[DEBUG] found drawable-long-land-hdpi splash screen at D:\Work_Assignment\Appcelerator\C2DM\c2dm_app_old\Resources\android\images\res-long-land-hdpi\default.png
[DEBUG] copying D:\Work_Assignment\Appcelerator\C2DM\c2dm_app_old\Resources\android\images\res-long-land-hdpi\default.png splash screen to D:\Work_Assignment\Appcelerator\C2DM\c2dm_app_old\build\android\res\drawable-long-land-hdpi\background.png
[DEBUG] found drawable-long-land-ldpi splash screen at D:\Work_Assignment\Appcelerator\C2DM\c2dm_app_old\Resources\android\images\res-long-land-ldpi\default.png
[DEBUG] copying D:\Work_Assignment\Appcelerator\C2DM\c2dm_app_old\Resources\android\images\res-long-land-ldpi\default.png splash screen to D:\Work_Assignment\Appcelerator\C2DM\c2dm_app_old\build\android\res\drawable-long-land-ldpi\background.png
[DEBUG] found drawable-long-port-hdpi splash screen at D:\Work_Assignment\Appcelerator\C2DM\c2dm_app_old\Resources\android\images\res-long-port-hdpi\default.png
[DEBUG] copying D:\Work_Assignment\Appcelerator\C2DM\c2dm_app_old\Resources\android\images\res-long-port-hdpi\default.png splash screen to D:\Work_Assignment\Appcelerator\C2DM\c2dm_app_old\build\android\res\drawable-long-port-hdpi\background.png
[DEBUG] found drawable-long-port-ldpi splash screen at D:\Work_Assignment\Appcelerator\C2DM\c2dm_app_old\Resources\android\images\res-long-port-ldpi\default.png
[DEBUG] copying D:\Work_Assignment\Appcelerator\C2DM\c2dm_app_old\Resources\android\images\res-long-port-ldpi\default.png splash screen to D:\Work_Assignment\Appcelerator\C2DM\c2dm_app_old\build\android\res\drawable-long-port-ldpi\background.png
[DEBUG] found drawable-notlong-land-hdpi splash screen at D:\Work_Assignment\Appcelerator\C2DM\c2dm_app_old\Resources\android\images\res-notlong-land-hdpi\default.png
[DEBUG] copying D:\Work_Assignment\Appcelerator\C2DM\c2dm_app_old\Resources\android\images\res-notlong-land-hdpi\default.png splash screen to D:\Work_Assignment\Appcelerator\C2DM\c2dm_app_old\build\android\res\drawable-notlong-land-hdpi\background.png
[DEBUG] found drawable-notlong-land-ldpi splash screen at D:\Work_Assignment\Appcelerator\C2DM\c2dm_app_old\Resources\android\images\res-notlong-land-ldpi\default.png
[DEBUG] copying D:\Work_Assignment\Appcelerator\C2DM\c2dm_app_old\Resources\android\images\res-notlong-land-ldpi\default.png splash screen to D:\Work_Assignment\Appcelerator\C2DM\c2dm_app_old\build\android\res\drawable-notlong-land-ldpi\background.png
[DEBUG] found drawable-notlong-land-mdpi splash screen at D:\Work_Assignment\Appcelerator\C2DM\c2dm_app_old\Resources\android\images\res-notlong-land-mdpi\default.png
[DEBUG] copying D:\Work_Assignment\Appcelerator\C2DM\c2dm_app_old\Resources\android\images\res-notlong-land-mdpi\default.png splash screen to D:\Work_Assignment\Appcelerator\C2DM\c2dm_app_old\build\android\res\drawable-notlong-land-mdpi\background.png
[DEBUG] found drawable-notlong-port-hdpi splash screen at D:\Work_Assignment\Appcelerator\C2DM\c2dm_app_old\Resources\android\images\res-notlong-port-hdpi\default.png
[DEBUG] copying D:\Work_Assignment\Appcelerator\C2DM\c2dm_app_old\Resources\android\images\res-notlong-port-hdpi\default.png splash screen to D:\Work_Assignment\Appcelerator\C2DM\c2dm_app_old\build\android\res\drawable-notlong-port-hdpi\background.png
[DEBUG] found drawable-notlong-port-ldpi splash screen at D:\Work_Assignment\Appcelerator\C2DM\c2dm_app_old\Resources\android\images\res-notlong-port-ldpi\default.png
[DEBUG] copying D:\Work_Assignment\Appcelerator\C2DM\c2dm_app_old\Resources\android\images\res-notlong-port-ldpi\default.png splash screen to D:\Work_Assignment\Appcelerator\C2DM\c2dm_app_old\build\android\res\drawable-notlong-port-ldpi\background.png
[DEBUG] found drawable-notlong-port-mdpi splash screen at D:\Work_Assignment\Appcelerator\C2DM\c2dm_app_old\Resources\android\images\res-notlong-port-mdpi\default.png
[DEBUG] copying D:\Work_Assignment\Appcelerator\C2DM\c2dm_app_old\Resources\android\images\res-notlong-port-mdpi\default.png splash screen to D:\Work_Assignment\Appcelerator\C2DM\c2dm_app_old\build\android\res\drawable-notlong-port-mdpi\background.png
[DEBUG] found splash screen at D:\Work_Assignment\Appcelerator\C2DM\c2dm_app_old\build\android\bin\assets\Resources\default.png
[TRACE] Writing out AndroidManifest.xml
[DEBUG] adding D:\Work_Assignment\Appcelerator\C2DM\c2dm_app_old\build\android\gen\com\app\ApplicationStylesheet.java to javac build list
[DEBUG] adding D:\Work_Assignment\Appcelerator\C2DM\c2dm_app_old\build\android\gen\com\app\C2dm_appActivity.java to javac build list
[DEBUG] adding D:\Work_Assignment\Appcelerator\C2DM\c2dm_app_old\build\android\gen\com\app\C2dm_appAppInfo.java to javac build list
[DEBUG] adding D:\Work_Assignment\Appcelerator\C2DM\c2dm_app_old\build\android\gen\com\app\C2dm_appApplication.java to javac build list
[DEBUG] adding D:\Work_Assignment\Appcelerator\C2DM\c2dm_app_old\build\android\gen\com\app\Manifest.java to javac build list
[DEBUG] adding D:\Work_Assignment\Appcelerator\C2DM\c2dm_app_old\build\android\gen\com\app\R.java to javac build list
[DEBUG] Building Java Sources: "D:\\Work_Assignment\\Appcelerator\\C2DM\\c2dm_app_old\\build\\android\\gen\\com\\app\\ApplicationStylesheet.java" "D:\\Work_Assignment\\Appcelerator\\C2DM\\c2dm_app_old\\build\\android\\gen\\com\\app\\C2dm_appActivity.java" "D:\\Work_Assignment\\Appcelerator\\C2DM\\c2dm_app_old\\build\\android\\gen\\com\\app\\C2dm_appAppInfo.java" "D:\\Work_Assignment\\Appcelerator\\C2DM\\c2dm_app_old\\build\\android\\gen\\com\\app\\C2dm_appApplication.java" "D:\\Work_Assignment\\Appcelerator\\C2DM\\c2dm_app_old\\build\\android\\gen\\com\\app\\Manifest.java" "D:\\Work_Assignment\\Appcelerator\\C2DM\\c2dm_app_old\\build\\android\\gen\\com\\app\\R.java"
[INFO] Compiling Android Resources... This could take some time
[DEBUG] Android classes.dex built
[DEBUG] creating unsigned apk: D:\Work_Assignment\Appcelerator\C2DM\c2dm_app_old\build\android\bin\app-unsigned.apk
[DEBUG] from resource zip => assets/Resources/KS_nav_ui.png
[DEBUG] from resource zip => assets/Resources/KS_nav_views.png
[DEBUG] from resource zip => assets/Resources/app.js
[DEBUG] from resource zip => assets/Resources/appicon.png
[DEBUG] from resource zip => assets/Resources/default.png
[DEBUG] from resource zip => assets/app.json
[DEBUG] from resource zip => assets/index.json
[DEBUG] from resource zip => assets/tiapp.xml
[DEBUG] from resource zip => res/drawable/appicon.png
[DEBUG] from resource zip => res/drawable/background.png
[DEBUG] from resource zip => res/layout/titanium_tabgroup.xml
[DEBUG] from resource zip => AndroidManifest.xml
[DEBUG] from resource zip => resources.arsc
[DEBUG] from resource zip => res/drawable-long-land-hdpi/background.png
[DEBUG] from resource zip => res/drawable-long-land-ldpi/background.png
[DEBUG] from resource zip => res/drawable-long-port-hdpi/background.png
[DEBUG] from resource zip => res/drawable-long-port-ldpi/background.png
[DEBUG] from resource zip => res/drawable-notlong-land-hdpi/background.png
[DEBUG] from resource zip => res/drawable-notlong-land-ldpi/background.png
[DEBUG] from resource zip => res/drawable-notlong-land-mdpi/background.png
[DEBUG] from resource zip => res/drawable-notlong-port-hdpi/background.png
[DEBUG] from resource zip => res/drawable-notlong-port-ldpi/background.png
[DEBUG] from resource zip => res/drawable-notlong-port-mdpi/background.png
[DEBUG] from JAR C:\Users\Surajit\AppData\Roaming\Titanium\mobilesdk\win32\1.8.2\android\titanium.jar => org/appcelerator/titanium/build.properties
[DEBUG] from JAR C:\Users\Surajit\AppData\Roaming\Titanium\mobilesdk\win32\1.8.2\android\titanium.jar => org/appcelerator/titanium/res/drawable/background.png
[DEBUG] from JAR C:\Users\Surajit\AppData\Roaming\Titanium\mobilesdk\win32\1.8.2\android\titanium.jar => org/appcelerator/titanium/res/drawable/btn_check_buttonless_on.png
[DEBUG] from JAR C:\Users\Surajit\AppData\Roaming\Titanium\mobilesdk\win32\1.8.2\android\titanium.jar => org/appcelerator/titanium/res/drawable/btn_check_buttonless_on_18.png
[DEBUG] from JAR C:\Users\Surajit\AppData\Roaming\Titanium\mobilesdk\win32\1.8.2\android\titanium.jar => org/appcelerator/titanium/res/drawable/btn_check_buttonless_on_48.png
[DEBUG] from JAR C:\Users\Surajit\AppData\Roaming\Titanium\mobilesdk\win32\1.8.2\android\titanium.jar => org/appcelerator/titanium/res/drawable/btn_more.png
[DEBUG] from JAR C:\Users\Surajit\AppData\Roaming\Titanium\mobilesdk\win32\1.8.2\android\titanium.jar => org/appcelerator/titanium/res/drawable/btn_more_18.png
[DEBUG] from JAR C:\Users\Surajit\AppData\Roaming\Titanium\mobilesdk\win32\1.8.2\android\titanium.jar => org/appcelerator/titanium/res/drawable/btn_more_48.png
[DEBUG] from JAR C:\Users\Surajit\AppData\Roaming\Titanium\mobilesdk\win32\1.8.2\android\titanium.jar => org/appcelerator/titanium/res/drawable/btn_picker_normal.9.png
[DEBUG] from JAR C:\Users\Surajit\AppData\Roaming\Titanium\mobilesdk\win32\1.8.2\android\titanium.jar => org/appcelerator/titanium/res/drawable/btn_picker_pressed.9.png
[DEBUG] from JAR C:\Users\Surajit\AppData\Roaming\Titanium\mobilesdk\win32\1.8.2\android\titanium.jar => org/appcelerator/titanium/res/drawable/btn_picker_selected.9.png
[DEBUG] from JAR C:\Users\Surajit\AppData\Roaming\Titanium\mobilesdk\win32\1.8.2\android\titanium.jar => org/appcelerator/titanium/res/drawable/default_icon.png
[DEBUG] from JAR C:\Users\Surajit\AppData\Roaming\Titanium\mobilesdk\win32\1.8.2\android\titanium.jar => org/appcelerator/titanium/res/drawable/photoDefault.png
[DEBUG] from JAR C:\Users\Surajit\AppData\Roaming\Titanium\mobilesdk\win32\1.8.2\android\modules\titanium-ui.jar => ti/modules/titanium/ui/widget/webview/binding.js
[DEBUG] from JAR C:\Users\Surajit\AppData\Roaming\Titanium\mobilesdk\win32\1.8.2\android\modules\titanium-ui.jar => ti/modules/titanium/ui/widget/webview/binding.min.js
[DEBUG] from JAR C:\Users\Surajit\AppData\Roaming\Titanium\mobilesdk\win32\1.8.2\android\modules\titanium-ui.jar => ti/modules/titanium/ui/widget/webview/json2.js
[DEBUG] installing native SDK libs
[DEBUG] Waiting for device to be ready ...
[TRACE] adb devices returned 1 devices/emulators
[DEBUG] Device connected... (waited 0 seconds)
[DEBUG] waited 0.034000 seconds on emulator to get ready
[INFO] Installing application on device
[INFO] Application installed. Launch from drawer on Home Screen
